Using pre-set license
Built from '2022.3/staging' branch; Version is '2022.3.16f1 (d2c21f0ef2f1) revision 13812255'; Using compiler version '192829333'; Build Type 'Release'
OS: 'Windows 11  (10.0.22631) 64bit Core' Language: 'tr' Physical Memory: 16264 MB
BatchMode: 1, IsHumanControllingUs: 0, StartBugReporterOnCrash: 0, Is64bit: 1, IsPro: 1

COMMAND LINE ARGUMENTS:
C:\Program Files\Unity\Hub\Editor\2022.3.16f1\Editor\Unity.exe
-adb2
-batchMode
-noUpm
-name
AssetImportWorker0
-projectPath
D:/GitHub/KomageneProject/Komagene
-logFile
Logs/AssetImportWorker0.log
-srvPort
50105
Successfully changed project path to: D:/GitHub/KomageneProject/Komagene
D:/GitHub/KomageneProject/Komagene
[UnityMemory] Configuration Parameters - Can be set up in boot.config
    "memorysetup-bucket-allocator-granularity=16"
    "memorysetup-bucket-allocator-bucket-count=8"
    "memorysetup-bucket-allocator-block-size=33554432"
    "memorysetup-bucket-allocator-block-count=8"
    "memorysetup-main-allocator-block-size=16777216"
    "memorysetup-thread-allocator-block-size=16777216"
    "memorysetup-gfx-main-allocator-block-size=16777216"
    "memorysetup-gfx-thread-allocator-block-size=16777216"
    "memorysetup-cache-allocator-block-size=4194304"
    "memorysetup-typetree-allocator-block-size=2097152"
    "memorysetup-profiler-bucket-allocator-granularity=16"
    "memorysetup-profiler-bucket-allocator-bucket-count=8"
    "memorysetup-profiler-bucket-allocator-block-size=33554432"
    "memorysetup-profiler-bucket-allocator-block-count=8"
    "memorysetup-profiler-allocator-block-size=16777216"
    "memorysetup-profiler-editor-allocator-block-size=1048576"
    "memorysetup-temp-allocator-size-main=16777216"
    "memorysetup-job-temp-allocator-block-size=2097152"
    "memorysetup-job-temp-allocator-block-size-background=1048576"
    "memorysetup-job-temp-allocator-reduction-small-platforms=262144"
    "memorysetup-allocator-temp-initial-block-size-main=262144"
    "memorysetup-allocator-temp-initial-block-size-worker=262144"
    "memorysetup-temp-allocator-size-background-worker=32768"
    "memorysetup-temp-allocator-size-job-worker=262144"
    "memorysetup-temp-allocator-size-preload-manager=33554432"
    "memorysetup-temp-allocator-size-nav-mesh-worker=65536"
    "memorysetup-temp-allocator-size-audio-worker=65536"
    "memorysetup-temp-allocator-size-cloud-worker=32768"
    "memorysetup-temp-allocator-size-gi-baking-worker=262144"
    "memorysetup-temp-allocator-size-gfx=262144"
Player connection [5832] Host "[IP] 10.0.30.216 [Port] 0 [Flags] 2 [Guid] 2782276662 [EditorId] 2782276662 [Version] 1048832 [Id] WindowsEditor(7,AliOsman) [Debug] 1 [PackageName] WindowsEditor [ProjectName] Editor" joined multi-casting on [225.0.0.222:54997]...

Player connection [5832] Host "[IP] 10.0.30.216 [Port] 0 [Flags] 2 [Guid] 2782276662 [EditorId] 2782276662 [Version] 1048832 [Id] WindowsEditor(7,AliOsman) [Debug] 1 [PackageName] WindowsEditor [ProjectName] Editor" joined alternative multi-casting on [225.0.0.222:34997]...

[Physics::Module] Initialized MultithreadedJobDispatcher with 7 workers.
Refreshing native plugins compatible for Editor in 13.67 ms, found 3 plugins.
Preloading 0 native plugins for Editor in 0.00 ms.
Initialize engine version: 2022.3.16f1 (d2c21f0ef2f1)
[Subsystems] Discovering subsystems at path C:/Program Files/Unity/Hub/Editor/2022.3.16f1/Editor/Data/Resources/UnitySubsystems
[Subsystems] Discovering subsystems at path D:/GitHub/KomageneProject/Komagene/Assets
GfxDevice: creating device client; threaded=0; jobified=0
Direct3D:
    Version:  Direct3D 11.0 [level 11.1]
    Renderer: NVIDIA GeForce GTX 1050 (ID=0x1c91)
    Vendor:   NVIDIA
    VRAM:     2981 MB
    Driver:   31.0.15.5123
Initialize mono
Mono path[0] = 'C:/Program Files/Unity/Hub/Editor/2022.3.16f1/Editor/Data/Managed'
Mono path[1] = 'C:/Program Files/Unity/Hub/Editor/2022.3.16f1/Editor/Data/MonoBleedingEdge/lib/mono/unityjit-win32'
Mono config path = 'C:/Program Files/Unity/Hub/Editor/2022.3.16f1/Editor/Data/MonoBleedingEdge/etc'
Using monoOptions --debugger-agent=transport=dt_socket,embedding=1,server=y,suspend=n,address=127.0.0.1:56168
Begin MonoManager ReloadAssembly
Registering precompiled unity dll's ...
Register platform support module: C:/Program Files/Unity/Hub/Editor/2022.3.16f1/Editor/Data/PlaybackEngines/WindowsStandaloneSupport/UnityEditor.WindowsStandalone.Extensions.dll
Registered in 0.011079 seconds.
- Loaded All Assemblies, in  0.488 seconds
Native extension for WindowsStandalone target not found
Mono: successfully reloaded assembly
- Finished resetting the current domain, in  0.327 seconds
Domain Reload Profiling: 814ms
	BeginReloadAssembly (134ms)
		ExecutionOrderSort (0ms)
		DisableScriptedObjects (0ms)
		BackupInstance (0ms)
		ReleaseScriptingObjects (0ms)
		CreateAndSetChildDomain (1ms)
	RebuildCommonClasses (71ms)
	RebuildNativeTypeToScriptingClass (22ms)
	initialDomainReloadingComplete (73ms)
	LoadAllAssembliesAndSetupDomain (187ms)
		LoadAssemblies (131ms)
		RebuildTransferFunctionScriptingTraits (0ms)
		AnalyzeDomain (185ms)
			TypeCache.Refresh (183ms)
				TypeCache.ScanAssembly (166ms)
			ScanForSourceGeneratedMonoScriptInfo (0ms)
			ResolveRequiredComponents (1ms)
	FinalizeReload (327ms)
		ReleaseScriptCaches (0ms)
		RebuildScriptCaches (0ms)
		SetupLoadedEditorAssemblies (252ms)
			LogAssemblyErrors (0ms)
			InitializePlatformSupportModulesInManaged (10ms)
			SetLoadedEditorAssemblies (8ms)
			RefreshPlugins (0ms)
			BeforeProcessingInitializeOnLoad (3ms)
			ProcessInitializeOnLoadAttributes (173ms)
			ProcessInitializeOnLoadMethodAttributes (56ms)
			AfterProcessingInitializeOnLoad (0ms)
			EditorAssembliesLoaded (0ms)
		ExecutionOrderSort2 (0ms)
		AwakeInstancesAfterBackupRestoration (0ms)
========================================================================
Worker process is ready to serve import requests
Begin MonoManager ReloadAssembly
- Loaded All Assemblies, in  0.842 seconds
Refreshing native plugins compatible for Editor in 3.56 ms, found 3 plugins.
Native extension for WindowsStandalone target not found
Package Manager log level set to [2]
[Package Manager] Server::EnsureServerProcessIsRunning -- launch failed, reason: Unity was launched with the -noUpm command-line argument
[Package Manager] UpmClient::Send -- Unable to send message (not connected to UPM process).
[Package Manager] Cannot connect to Unity Package Manager local server
Mono: successfully reloaded assembly
- Finished resetting the current domain, in  1.058 seconds
Domain Reload Profiling: 1898ms
	BeginReloadAssembly (188ms)
		ExecutionOrderSort (0ms)
		DisableScriptedObjects (6ms)
		BackupInstance (0ms)
		ReleaseScriptingObjects (0ms)
		CreateAndSetChildDomain (28ms)
	RebuildCommonClasses (47ms)
	RebuildNativeTypeToScriptingClass (17ms)
	initialDomainReloadingComplete (52ms)
	LoadAllAssembliesAndSetupDomain (535ms)
		LoadAssemblies (367ms)
		RebuildTransferFunctionScriptingTraits (0ms)
		AnalyzeDomain (275ms)
			TypeCache.Refresh (230ms)
				TypeCache.ScanAssembly (211ms)
			ScanForSourceGeneratedMonoScriptInfo (30ms)
			ResolveRequiredComponents (13ms)
	FinalizeReload (1059ms)
		ReleaseScriptCaches (0ms)
		RebuildScriptCaches (0ms)
		SetupLoadedEditorAssemblies (838ms)
			LogAssemblyErrors (0ms)
			InitializePlatformSupportModulesInManaged (7ms)
			SetLoadedEditorAssemblies (5ms)
			RefreshPlugins (0ms)
			BeforeProcessingInitializeOnLoad (85ms)
			ProcessInitializeOnLoadAttributes (659ms)
			ProcessInitializeOnLoadMethodAttributes (74ms)
			AfterProcessingInitializeOnLoad (8ms)
			EditorAssembliesLoaded (0ms)
		ExecutionOrderSort2 (0ms)
		AwakeInstancesAfterBackupRestoration (9ms)
Launched and connected shader compiler UnityShaderCompiler.exe after 0.06 seconds
Refreshing native plugins compatible for Editor in 5.14 ms, found 3 plugins.
Preloading 0 native plugins for Editor in 0.00 ms.
Unloading 5043 Unused Serialized files (Serialized files now loaded: 0)
Unloading 65 unused Assets / (350.6 KB). Loaded Objects now: 5504.
Memory consumption went from 209.1 MB to 208.7 MB.
Total: 6.011600 ms (FindLiveObjects: 0.464800 ms CreateObjectMapping: 0.624000 ms MarkObjects: 4.707600 ms  DeleteObjects: 0.213900 ms)

AssetImportParameters requested are different than current active one (requested -> active):
  custom:container-demuxer-ogg: 62fdf1f143b41e24485cea50d1cbac27 -> 
  custom:video-codec-MediaFoundation-h265: e54d7ab0439102e2317fc1e4b246158d -> 
  custom:video-decoder-ogg-theora: a1e56fd34408186e4bbccfd4996cb3dc -> 
  custom:framework-win-MediaFoundation: 216162199b28c13a410421893ffa2e32 -> 
  custom:CustomObjectIndexerAttribute: 4d1d7186bcbbfe361de5f0ad951e585c -> 
  custom:container-demuxer-webm: 4f35f7cbe854078d1ac9338744f61a02 -> 
  custom:container-muxer-webm: aa71ff27fc2769a1b78a27578f13a17b -> 
  custom:video-decoder-webm-vp8: 9c59270c3fd7afecdb556c50c9e8de78 -> 
  custom:SearchIndexIgnoredProperties: e643bd26f0fe6173181afceb89e7c659 -> 
  custom:AudioImporter_EditorPlatform: d09bf68614088b80899f8185d706f6e7 -> 
  custom:video-encoder-webm-vp8: eb34c28f22e8b96e1ab97ce403110664 -> 
  custom:audio-decoder-ogg-vorbis: bf7c407c2cedff20999df2af8eb42d56 -> 
  custom:audio-encoder-webm-vorbis: bf7c407c2cedff20999df2af8eb42d56 -> 
========================================================================
Received Import Request.
  Time since last request: 4890.581822 seconds.
  path: Assets/Asset/Cevre/TahtaliTezgah/TahtaliTezgah.fbx
  artifactKey: Guid(f228ca947c62e754093c2fd0219d10fb) Importer(815301076,1909f56bfc062723c751e8b465ee728b)
Start importing Assets/Asset/Cevre/TahtaliTezgah/TahtaliTezgah.fbx using Guid(f228ca947c62e754093c2fd0219d10fb) Importer(815301076,1909f56bfc062723c751e8b465ee728b)  -> (artifact id: '00a75fef8f8dd0d59221bd31723972dc') in 0.389036 seconds
Number of updated asset objects reloaded before import = 0
Number of asset objects unloaded after import = 12
========================================================================
Received Import Request.
  Time since last request: 12.029925 seconds.
  path: Assets/Asset/TahtaliTezgah/TahtaliTezgah.fbx
  artifactKey: Guid(d4d20b40e14b8c443803f01c510fda93) Importer(815301076,1909f56bfc062723c751e8b465ee728b)
Start importing Assets/Asset/TahtaliTezgah/TahtaliTezgah.fbx using Guid(d4d20b40e14b8c443803f01c510fda93) Importer(815301076,1909f56bfc062723c751e8b465ee728b)  -> (artifact id: 'bf2be13b28e487cc93013f0511b6cb65') in 0.037506 seconds
Number of updated asset objects reloaded before import = 0
Number of asset objects unloaded after import = 11
========================================================================
Received Import Request.
  Time since last request: 44.213344 seconds.
  path: Assets/Asset/Karakter.fbx
  artifactKey: Guid(f29308166bd7f9a47b5ca3735886e35c) Importer(815301076,1909f56bfc062723c751e8b465ee728b)
Start importing Assets/Asset/Karakter.fbx using Guid(f29308166bd7f9a47b5ca3735886e35c) Importer(815301076,1909f56bfc062723c751e8b465ee728b)  -> (artifact id: 'cc8655e699b97c0730f1e1bbd45a45af') in 0.169426 seconds
Number of updated asset objects reloaded before import = 0
Number of asset objects unloaded after import = 166
========================================================================
Received Import Request.
  Time since last request: 26.111127 seconds.
  path: Assets/Asset/Karakter
  artifactKey: Guid(c7f7f3754465cd14aaac29af4fe828a6) Importer(815301076,1909f56bfc062723c751e8b465ee728b)
Start importing Assets/Asset/Karakter using Guid(c7f7f3754465cd14aaac29af4fe828a6) Importer(815301076,1909f56bfc062723c751e8b465ee728b)  -> (artifact id: '3201d4e0c25bad3312bc5e211eb26208') in 0.000838 seconds
Number of updated asset objects reloaded before import = 0
Number of asset objects unloaded after import = 0
========================================================================
Received Import Request.
  Time since last request: 9.983797 seconds.
  path: Assets/Asset/Cevre/Tezgah/tezgah.fbx
  artifactKey: Guid(7e2a671443c7d1c4788ab8c94a1b8d9f) Importer(815301076,1909f56bfc062723c751e8b465ee728b)
Start importing Assets/Asset/Cevre/Tezgah/tezgah.fbx using Guid(7e2a671443c7d1c4788ab8c94a1b8d9f) Importer(815301076,1909f56bfc062723c751e8b465ee728b)  -> (artifact id: 'b85bfad3a9b4b8a13a48777622c5da1c') in 0.030117 seconds
Number of updated asset objects reloaded before import = 0
Number of asset objects unloaded after import = 10
========================================================================
Received Import Request.
  Time since last request: 10.514790 seconds.
  path: Assets/Asset/Tezgah/Tezgah.fbx
  artifactKey: Guid(b937580fd318f5c40af492f0cf272229) Importer(815301076,1909f56bfc062723c751e8b465ee728b)
Start importing Assets/Asset/Tezgah/Tezgah.fbx using Guid(b937580fd318f5c40af492f0cf272229) Importer(815301076,1909f56bfc062723c751e8b465ee728b)  -> (artifact id: '9757557e43a2e5bae1708f427b6f6aae') in 0.027422 seconds
Number of updated asset objects reloaded before import = 0
Number of asset objects unloaded after import = 10
========================================================================
Received Import Request.
  Time since last request: 23.182238 seconds.
  path: Assets/Asset/YemekSprite
  artifactKey: Guid(bf73b79b5d692a743ba626f9414c3ffb) Importer(815301076,1909f56bfc062723c751e8b465ee728b)
Start importing Assets/Asset/YemekSprite using Guid(bf73b79b5d692a743ba626f9414c3ffb) Importer(815301076,1909f56bfc062723c751e8b465ee728b)  -> (artifact id: 'ce25b5c2b1db5b35795559c2ecbb07f8') in 0.000559 seconds
Number of updated asset objects reloaded before import = 0
Number of asset objects unloaded after import = 0
========================================================================
Received Import Request.
  Time since last request: 12.307865 seconds.
  path: Assets/Prefab/Çevre Prefab/Tezgah.prefab
  artifactKey: Guid(6958a96ad01fccc48a474722b9b97eca) Importer(815301076,1909f56bfc062723c751e8b465ee728b)
Start importing Assets/Prefab/Çevre Prefab/Tezgah.prefab using Guid(6958a96ad01fccc48a474722b9b97eca) Importer(815301076,1909f56bfc062723c751e8b465ee728b)  -> (artifact id: '0bdceff573dd27271537f356306c612c') in 0.001256 seconds
Number of updated asset objects reloaded before import = 0
Number of asset objects unloaded after import = 1
========================================================================
Received Import Request.
  Time since last request: 17.437048 seconds.
  path: Assets/Prefab/Çevre Prefab/Tezgah.prefab
  artifactKey: Guid(6958a96ad01fccc48a474722b9b97eca) Importer(815301076,1909f56bfc062723c751e8b465ee728b)
Start importing Assets/Prefab/Çevre Prefab/Tezgah.prefab using Guid(6958a96ad01fccc48a474722b9b97eca) Importer(815301076,1909f56bfc062723c751e8b465ee728b)  -> (artifact id: '2eb45a3be9dce0d6c006fe733058f1cd') in 0.023479 seconds
Number of updated asset objects reloaded before import = 0
Number of asset objects unloaded after import = 21
========================================================================
Received Import Request.
  Time since last request: 124.612741 seconds.
  path: Assets/Prefab/Çevre Prefab/Ocak.prefab
  artifactKey: Guid(a9ca8483bf7d364429e622be43703724) Importer(815301076,1909f56bfc062723c751e8b465ee728b)
Start importing Assets/Prefab/Çevre Prefab/Ocak.prefab using Guid(a9ca8483bf7d364429e622be43703724) Importer(815301076,1909f56bfc062723c751e8b465ee728b)  -> (artifact id: '20f14f6e3dd42ae329d8c46125803388') in 0.022922 seconds
Number of updated asset objects reloaded before import = 0
Number of asset objects unloaded after import = 23
========================================================================
Received Import Request.
  Time since last request: 12.206662 seconds.
  path: Assets/Prefab/Çevre Prefab/CigköfteTezgahı.prefab
  artifactKey: Guid(39f00eb0820fc1a4bb1fd90dc6842119) Importer(815301076,1909f56bfc062723c751e8b465ee728b)
Start importing Assets/Prefab/Çevre Prefab/CigköfteTezgahı.prefab using Guid(39f00eb0820fc1a4bb1fd90dc6842119) Importer(815301076,1909f56bfc062723c751e8b465ee728b)  -> (artifact id: '44b701703167775623c250dd5c939848') in 0.105573 seconds
Number of updated asset objects reloaded before import = 0
Number of asset objects unloaded after import = 95
========================================================================
Received Import Request.
  Time since last request: 96.106067 seconds.
  path: ProjectSettings/TagManager.asset
  artifactKey: Guid(00000000000000003000000000000000) Importer(815301076,1909f56bfc062723c751e8b465ee728b)
Start importing ProjectSettings/TagManager.asset using Guid(00000000000000003000000000000000) Importer(815301076,1909f56bfc062723c751e8b465ee728b)  -> (artifact id: '988009e16d48f292d757776b7262ebec') in 0.001201 seconds
Number of updated asset objects reloaded before import = 0
Number of asset objects unloaded after import = 0
========================================================================
Received Import Request.
  Time since last request: 33.592967 seconds.
  path: Assets/Prefab/Çevre Prefab/LimonKasa.prefab
  artifactKey: Guid(1d45aa00eddabc8408d7117274a0cf3d) Importer(815301076,1909f56bfc062723c751e8b465ee728b)
Start importing Assets/Prefab/Çevre Prefab/LimonKasa.prefab using Guid(1d45aa00eddabc8408d7117274a0cf3d) Importer(815301076,1909f56bfc062723c751e8b465ee728b)  -> (artifact id: '0d84ab84e53291d2b1d0fc703b3c6ca1') in 0.034579 seconds
Number of updated asset objects reloaded before import = 0
Number of asset objects unloaded after import = 118
========================================================================
Received Import Request.
  Time since last request: 72.572506 seconds.
  path: Assets/Prefab/Çevre Prefab/NarEksisiKasa.prefab
  artifactKey: Guid(fde45c68f5d4fc74d9964ef7667b9736) Importer(815301076,1909f56bfc062723c751e8b465ee728b)
Start importing Assets/Prefab/Çevre Prefab/NarEksisiKasa.prefab using Guid(fde45c68f5d4fc74d9964ef7667b9736) Importer(815301076,1909f56bfc062723c751e8b465ee728b)  -> (artifact id: 'c3ac9e8208a58e56e2ba360bdc44e682') in 0.026879 seconds
Number of updated asset objects reloaded before import = 0
Number of asset objects unloaded after import = 118
========================================================================
Received Import Request.
  Time since last request: 19.795143 seconds.
  path: Assets/Asset/Cevre/AteşBöceğiKutusu
  artifactKey: Guid(ae4958c7eaab45b4f83fa29cdda47bc1) Importer(815301076,1909f56bfc062723c751e8b465ee728b)
Start importing Assets/Asset/Cevre/AteşBöceğiKutusu using Guid(ae4958c7eaab45b4f83fa29cdda47bc1) Importer(815301076,1909f56bfc062723c751e8b465ee728b)  -> (artifact id: '449b684ee5a1e9f8f667a142e9c5b2e7') in 0.000580 seconds
Number of updated asset objects reloaded before import = 0
Number of asset objects unloaded after import = 0
========================================================================
Received Import Request.
  Time since last request: 0.471792 seconds.
  path: Assets/Asset/Cevre/Cesme
  artifactKey: Guid(37a15e5218846c249b73820520e5c255) Importer(815301076,1909f56bfc062723c751e8b465ee728b)
Start importing Assets/Asset/Cevre/Cesme using Guid(37a15e5218846c249b73820520e5c255) Importer(815301076,1909f56bfc062723c751e8b465ee728b)  -> (artifact id: '55e2ad6eca4c715e8a25ff6cb2ab8db6') in 0.002866 seconds
Number of updated asset objects reloaded before import = 0
Number of asset objects unloaded after import = 0
========================================================================
Received Import Request.
  Time since last request: 2.036564 seconds.
  path: Assets/Asset/Cevre/Doseme
  artifactKey: Guid(12ed558b60b0de246847a9f9120b8227) Importer(815301076,1909f56bfc062723c751e8b465ee728b)
Start importing Assets/Asset/Cevre/Doseme using Guid(12ed558b60b0de246847a9f9120b8227) Importer(815301076,1909f56bfc062723c751e8b465ee728b)  -> (artifact id: 'dbe2985a550f58c22e67e74413cfdd9b') in 0.000533 seconds
Number of updated asset objects reloaded before import = 0
Number of asset objects unloaded after import = 0
========================================================================
Received Import Request.
  Time since last request: 0.141506 seconds.
  path: Assets/Asset/Cevre/Duvar
  artifactKey: Guid(3aa19c27fea6d7f4a9923ea8a15f72d8) Importer(815301076,1909f56bfc062723c751e8b465ee728b)
Start importing Assets/Asset/Cevre/Duvar using Guid(3aa19c27fea6d7f4a9923ea8a15f72d8) Importer(815301076,1909f56bfc062723c751e8b465ee728b)  -> (artifact id: '804dc5f50ea23751ffe2a42648fb669f') in 0.003269 seconds
Number of updated asset objects reloaded before import = 0
Number of asset objects unloaded after import = 0
========================================================================
Received Import Request.
  Time since last request: 0.742510 seconds.
  path: Assets/Asset/Cevre/GazLambası
  artifactKey: Guid(c3a82adedb463a64aaa33b7f39dbdc94) Importer(815301076,1909f56bfc062723c751e8b465ee728b)
Start importing Assets/Asset/Cevre/GazLambası using Guid(c3a82adedb463a64aaa33b7f39dbdc94) Importer(815301076,1909f56bfc062723c751e8b465ee728b)  -> (artifact id: '307432c676fda8826811d38d0c92ebf1') in 0.000586 seconds
Number of updated asset objects reloaded before import = 0
Number of asset objects unloaded after import = 0
========================================================================
Received Import Request.
  Time since last request: 21.885442 seconds.
  path: Assets/Prefab/Çevre Prefab/DomatesSpawner.prefab
  artifactKey: Guid(9f6c484a6199d0642b5ac4a7f18b2f84) Importer(815301076,1909f56bfc062723c751e8b465ee728b)
Start importing Assets/Prefab/Çevre Prefab/DomatesSpawner.prefab using Guid(9f6c484a6199d0642b5ac4a7f18b2f84) Importer(815301076,1909f56bfc062723c751e8b465ee728b)  -> (artifact id: '249a54c6fae36d118e0528729d803332') in 0.001221 seconds
Number of updated asset objects reloaded before import = 0
Number of asset objects unloaded after import = 1
========================================================================
Received Import Request.
  Time since last request: 0.000026 seconds.
  path: Assets/Prefab/Çevre Prefab/tabakSpawner (3).prefab
  artifactKey: Guid(2ccf1a27565c10b4eab3f7a98c7a8850) Importer(815301076,1909f56bfc062723c751e8b465ee728b)
Start importing Assets/Prefab/Çevre Prefab/tabakSpawner (3).prefab using Guid(2ccf1a27565c10b4eab3f7a98c7a8850) Importer(815301076,1909f56bfc062723c751e8b465ee728b)  -> (artifact id: 'db3dc804971a04b48d5777f4b3eb1838') in 0.000963 seconds
Number of updated asset objects reloaded before import = 0
Number of asset objects unloaded after import = 1
========================================================================
Received Import Request.
  Time since last request: 7.595943 seconds.
  path: Assets/Prefab/Çevre Prefab/MarulSpawner.prefab
  artifactKey: Guid(b7779fb5870af0f4ab3f624856d0ebf7) Importer(815301076,1909f56bfc062723c751e8b465ee728b)
Start importing Assets/Prefab/Çevre Prefab/MarulSpawner.prefab using Guid(b7779fb5870af0f4ab3f624856d0ebf7) Importer(815301076,1909f56bfc062723c751e8b465ee728b)  -> (artifact id: 'b0c5bedcb14473b38053fec5629e7216') in 0.001051 seconds
Number of updated asset objects reloaded before import = 0
Number of asset objects unloaded after import = 1
========================================================================
Received Import Request.
  Time since last request: 21.231826 seconds.
  path: Assets/Prefab/Çevre Prefab/TabakSpawn.prefab
  artifactKey: Guid(a143e5b44a0c8ef499f518326d468a4f) Importer(815301076,1909f56bfc062723c751e8b465ee728b)
Start importing Assets/Prefab/Çevre Prefab/TabakSpawn.prefab using Guid(a143e5b44a0c8ef499f518326d468a4f) Importer(815301076,1909f56bfc062723c751e8b465ee728b)  -> (artifact id: '58e9b8dde0107d4d088c0c94c5ee3549') in 0.022411 seconds
Number of updated asset objects reloaded before import = 0
Number of asset objects unloaded after import = 80
========================================================================
Received Import Request.
  Time since last request: 14.331545 seconds.
  path: Assets/Prefab/Çevre Prefab/DomatesKasa.prefab
  artifactKey: Guid(f40bbe4871443e04ab772ac06707d76a) Importer(815301076,1909f56bfc062723c751e8b465ee728b)
Start importing Assets/Prefab/Çevre Prefab/DomatesKasa.prefab using Guid(f40bbe4871443e04ab772ac06707d76a) Importer(815301076,1909f56bfc062723c751e8b465ee728b)  -> (artifact id: 'c6c8421599b31500ad9ff6e432d95a7a') in 0.024822 seconds
Number of updated asset objects reloaded before import = 0
Number of asset objects unloaded after import = 85
========================================================================
Received Import Request.
  Time since last request: 3.366284 seconds.
  path: Assets/Prefab/Çevre Prefab/Duvarlar
  artifactKey: Guid(500f3e3dba0b43e4da744fd3b5baadb4) Importer(815301076,1909f56bfc062723c751e8b465ee728b)
Start importing Assets/Prefab/Çevre Prefab/Duvarlar using Guid(500f3e3dba0b43e4da744fd3b5baadb4) Importer(815301076,1909f56bfc062723c751e8b465ee728b)  -> (artifact id: 'e57584a2d8fb875e036e7ec483363181') in 0.001465 seconds
Number of updated asset objects reloaded before import = 0
Number of asset objects unloaded after import = 0
========================================================================
Received Import Request.
  Time since last request: 9.322029 seconds.
  path: Assets/Prefab/Çevre Prefab/Kasalar
  artifactKey: Guid(886980ef768b62543899922ffb7d27e8) Importer(815301076,1909f56bfc062723c751e8b465ee728b)
Start importing Assets/Prefab/Çevre Prefab/Kasalar using Guid(886980ef768b62543899922ffb7d27e8) Importer(815301076,1909f56bfc062723c751e8b465ee728b)  -> (artifact id: '538f06b5bb93e693faf5710f3856bd2b') in 0.000722 seconds
Number of updated asset objects reloaded before import = 0
Number of asset objects unloaded after import = 0
========================================================================
Received Import Request.
  Time since last request: 23.094833 seconds.
  path: Assets/Asset/Cevre/Mum
  artifactKey: Guid(bc005019f15148f45bae4b51840fd22a) Importer(815301076,1909f56bfc062723c751e8b465ee728b)
Start importing Assets/Asset/Cevre/Mum using Guid(bc005019f15148f45bae4b51840fd22a) Importer(815301076,1909f56bfc062723c751e8b465ee728b)  -> (artifact id: 'ed2c52b292f00cfadfb7b7d8b9e1e02d') in 0.000476 seconds
Number of updated asset objects reloaded before import = 0
Number of asset objects unloaded after import = 0
========================================================================
Received Import Request.
  Time since last request: 0.101501 seconds.
  path: Assets/Asset/Cevre/Mum/Mum.png
  artifactKey: Guid(3e98d24b60b372b48bf5501a8946dbc5) Importer(815301076,1909f56bfc062723c751e8b465ee728b)
Start importing Assets/Asset/Cevre/Mum/Mum.png using Guid(3e98d24b60b372b48bf5501a8946dbc5) Importer(815301076,1909f56bfc062723c751e8b465ee728b)  -> (artifact id: 'dab5d279444fcc6b46681396287f1e01') in 0.030152 seconds
Number of updated asset objects reloaded before import = 0
Number of asset objects unloaded after import = 2
========================================================================
Received Import Request.
  Time since last request: 2.093163 seconds.
  path: Assets/Asset/Cevre/Ocak
  artifactKey: Guid(795ce2b3a2fa31c4697629f3907d5918) Importer(815301076,1909f56bfc062723c751e8b465ee728b)
Start importing Assets/Asset/Cevre/Ocak using Guid(795ce2b3a2fa31c4697629f3907d5918) Importer(815301076,1909f56bfc062723c751e8b465ee728b)  -> (artifact id: '7a6c0524d06aaef80c04e2d80092c9af') in 0.000645 seconds
Number of updated asset objects reloaded before import = 0
Number of asset objects unloaded after import = 0
========================================================================
Received Import Request.
  Time since last request: 20.485874 seconds.
  path: Assets/Asset/Cevre/TahtaliTezgah
  artifactKey: Guid(1a1e604331b61ea4c922d130f4e2155a) Importer(815301076,1909f56bfc062723c751e8b465ee728b)
Start importing Assets/Asset/Cevre/TahtaliTezgah using Guid(1a1e604331b61ea4c922d130f4e2155a) Importer(815301076,1909f56bfc062723c751e8b465ee728b)  -> (artifact id: '2ebd673c143b5374e16bdb2349f0b0bf') in 0.001025 seconds
Number of updated asset objects reloaded before import = 0
Number of asset objects unloaded after import = 0
========================================================================
Received Import Request.
  Time since last request: 4.225028 seconds.
  path: Assets/Asset/Cevre/Tencere
  artifactKey: Guid(1e74fa7351e870b489df3cb4546d6174) Importer(815301076,1909f56bfc062723c751e8b465ee728b)
Start importing Assets/Asset/Cevre/Tencere using Guid(1e74fa7351e870b489df3cb4546d6174) Importer(815301076,1909f56bfc062723c751e8b465ee728b)  -> (artifact id: '000b563fcc5a3f1aa07b3229a900576d') in 0.000552 seconds
Number of updated asset objects reloaded before import = 0
Number of asset objects unloaded after import = 0
========================================================================
Received Import Request.
  Time since last request: 3.169154 seconds.
  path: Assets/Asset/Cevre/ÇiğköfteTezgah
  artifactKey: Guid(7a7660c0406bcf44da25101264e30a59) Importer(815301076,1909f56bfc062723c751e8b465ee728b)
Start importing Assets/Asset/Cevre/ÇiğköfteTezgah using Guid(7a7660c0406bcf44da25101264e30a59) Importer(815301076,1909f56bfc062723c751e8b465ee728b)  -> (artifact id: 'ba84a005648eab2cf8e4b0f0e6652440') in 0.000547 seconds
Number of updated asset objects reloaded before import = 0
Number of asset objects unloaded after import = 0
========================================================================
Received Import Request.
  Time since last request: 3.698758 seconds.
  path: Assets/Asset/GameUI/Elips 1.png
  artifactKey: Guid(676280694a3fb214187e8ac71bd9cf66) Importer(815301076,1909f56bfc062723c751e8b465ee728b)
Start importing Assets/Asset/GameUI/Elips 1.png using Guid(676280694a3fb214187e8ac71bd9cf66) Importer(815301076,1909f56bfc062723c751e8b465ee728b)  -> (artifact id: '6f58ce59795b6a2b33501539e0fd3821') in 0.027321 seconds
Number of updated asset objects reloaded before import = 0
Number of asset objects unloaded after import = 3
========================================================================
Received Import Request.
  Time since last request: 0.000023 seconds.
  path: Assets/Asset/GameUI/Varlk_2.png
  artifactKey: Guid(5a01968c00deb4d4ca3c2165b3ae49a1) Importer(815301076,1909f56bfc062723c751e8b465ee728b)
Start importing Assets/Asset/GameUI/Varlk_2.png using Guid(5a01968c00deb4d4ca3c2165b3ae49a1) Importer(815301076,1909f56bfc062723c751e8b465ee728b)  -> (artifact id: '76f709c2e71c4b71af3e9e842c5ff1f3') in 0.025704 seconds
Number of updated asset objects reloaded before import = 0
Number of asset objects unloaded after import = 3
========================================================================
Received Import Request.
  Time since last request: 11.151120 seconds.
  path: Assets/Asset/Yemekler/DomatesHam
  artifactKey: Guid(2e9126f9fe8f42a45a0191162f99bd72) Importer(815301076,1909f56bfc062723c751e8b465ee728b)
Start importing Assets/Asset/Yemekler/DomatesHam using Guid(2e9126f9fe8f42a45a0191162f99bd72) Importer(815301076,1909f56bfc062723c751e8b465ee728b)  -> (artifact id: 'df1a6ed8464c8003e8cc09067305b2b7') in 0.004940 seconds
Number of updated asset objects reloaded before import = 0
Number of asset objects unloaded after import = 0
========================================================================
Received Import Request.
  Time since last request: 5.240298 seconds.
  path: Assets/Asset/Yemekler/MarulKapali
  artifactKey: Guid(2e9763ace4f52df4293dcc2b20dc6256) Importer(815301076,1909f56bfc062723c751e8b465ee728b)
Start importing Assets/Asset/Yemekler/MarulKapali using Guid(2e9763ace4f52df4293dcc2b20dc6256) Importer(815301076,1909f56bfc062723c751e8b465ee728b)  -> (artifact id: 'c62b421b0ce3f17c1191ad75cdcd933d') in 0.000551 seconds
Number of updated asset objects reloaded before import = 0
Number of asset objects unloaded after import = 0
========================================================================
Received Import Request.
  Time since last request: 0.651353 seconds.
  path: Assets/Asset/Yemekler/MarulKapali/KapaliMarulDiffuse.png
  artifactKey: Guid(7a4f493df0937374c900d2483f7ee330) Importer(815301076,1909f56bfc062723c751e8b465ee728b)
Start importing Assets/Asset/Yemekler/MarulKapali/KapaliMarulDiffuse.png using Guid(7a4f493df0937374c900d2483f7ee330) Importer(815301076,1909f56bfc062723c751e8b465ee728b)  -> (artifact id: 'fe8978c8451891633eec75ba4525e5f6') in 0.020490 seconds
Number of updated asset objects reloaded before import = 0
Number of asset objects unloaded after import = 2
========================================================================
Received Import Request.
  Time since last request: 1.108242 seconds.
  path: Assets/Asset/Yemekler/MarulluTabak
  artifactKey: Guid(04ebde7d7ba6d3c45b87485c3e0a751b) Importer(815301076,1909f56bfc062723c751e8b465ee728b)
Start importing Assets/Asset/Yemekler/MarulluTabak using Guid(04ebde7d7ba6d3c45b87485c3e0a751b) Importer(815301076,1909f56bfc062723c751e8b465ee728b)  -> (artifact id: 'da752d935ce61b9399c957056a5498cc') in 0.000820 seconds
Number of updated asset objects reloaded before import = 0
Number of asset objects unloaded after import = 0
========================================================================
Received Import Request.
  Time since last request: 1.909755 seconds.
  path: Assets/Asset/Yemekler/SikilmisCigköfte
  artifactKey: Guid(fda7f95a093f18d4cbde2f4405287a1e) Importer(815301076,1909f56bfc062723c751e8b465ee728b)
Start importing Assets/Asset/Yemekler/SikilmisCigköfte using Guid(fda7f95a093f18d4cbde2f4405287a1e) Importer(815301076,1909f56bfc062723c751e8b465ee728b)  -> (artifact id: 'f30b034079f032a9b627bedf6c6d63ae') in 0.000564 seconds
Number of updated asset objects reloaded before import = 0
Number of asset objects unloaded after import = 0
========================================================================
Received Import Request.
  Time since last request: 0.412809 seconds.
  path: Assets/Asset/Yemekler/SikilmisCigköfte/T_SikilmisCigkofte_D.png
  artifactKey: Guid(74597555be18bcd46be79720f40089e0) Importer(815301076,1909f56bfc062723c751e8b465ee728b)
Start importing Assets/Asset/Yemekler/SikilmisCigköfte/T_SikilmisCigkofte_D.png using Guid(74597555be18bcd46be79720f40089e0) Importer(815301076,1909f56bfc062723c751e8b465ee728b)  -> (artifact id: '3efa8da1c3f8e16f052b7c91540a6de4') in 0.019208 seconds
Number of updated asset objects reloaded before import = 0
Number of asset objects unloaded after import = 2
========================================================================
Received Import Request.
  Time since last request: 1.313266 seconds.
  path: Assets/Asset/Yemekler/Tabak
  artifactKey: Guid(b361dc1b5334ee9408bb4d2ae7eb737e) Importer(815301076,1909f56bfc062723c751e8b465ee728b)
Start importing Assets/Asset/Yemekler/Tabak using Guid(b361dc1b5334ee9408bb4d2ae7eb737e) Importer(815301076,1909f56bfc062723c751e8b465ee728b)  -> (artifact id: '6d58108d081cc88e45cdb48f568fa99b') in 0.005214 seconds
Number of updated asset objects reloaded before import = 0
Number of asset objects unloaded after import = 0
========================================================================
Received Import Request.
  Time since last request: 0.235953 seconds.
  path: Assets/Asset/Yemekler/Tabak/T_Tabak.png
  artifactKey: Guid(5b62c395c6c42fd4ba10842b251df642) Importer(815301076,1909f56bfc062723c751e8b465ee728b)
Start importing Assets/Asset/Yemekler/Tabak/T_Tabak.png using Guid(5b62c395c6c42fd4ba10842b251df642) Importer(815301076,1909f56bfc062723c751e8b465ee728b)  -> (artifact id: 'f938b940eafa898ccb25445487a747bb') in 0.016901 seconds
Number of updated asset objects reloaded before import = 0
Number of asset objects unloaded after import = 2
========================================================================
Received Import Request.
  Time since last request: 0.000024 seconds.
  path: Assets/Asset/Yemekler/Tabak/Tabak.fbx
  artifactKey: Guid(4e5272b92a91ac5408bd4ef8e007c6c4) Importer(815301076,1909f56bfc062723c751e8b465ee728b)
Start importing Assets/Asset/Yemekler/Tabak/Tabak.fbx using Guid(4e5272b92a91ac5408bd4ef8e007c6c4) Importer(815301076,1909f56bfc062723c751e8b465ee728b)  -> (artifact id: '1b2bdc381c849d8d2e829c816bbb8b2f') in 0.028497 seconds
Number of updated asset objects reloaded before import = 0
Number of asset objects unloaded after import = 10
========================================================================
Received Import Request.
  Time since last request: 0.877897 seconds.
  path: Assets/Asset/Yemekler/TabakliMarulCigköfte/TabaklıMarulCigköfte.fbx
  artifactKey: Guid(43edd40181227714bb2d12bc0b830357) Importer(815301076,1909f56bfc062723c751e8b465ee728b)
Start importing Assets/Asset/Yemekler/TabakliMarulCigköfte/TabaklıMarulCigköfte.fbx using Guid(43edd40181227714bb2d12bc0b830357) Importer(815301076,1909f56bfc062723c751e8b465ee728b)  -> (artifact id: '137a086b74b6cd320c50d9b524a7eb8e') in 0.070652 seconds
Number of updated asset objects reloaded before import = 0
Number of asset objects unloaded after import = 14
========================================================================
Received Import Request.
  Time since last request: 0.532051 seconds.
  path: Assets/Asset/Yemekler/TabaklıÇiğköfte
  artifactKey: Guid(4e3708df247bab0408b78193896e9db4) Importer(815301076,1909f56bfc062723c751e8b465ee728b)
Start importing Assets/Asset/Yemekler/TabaklıÇiğköfte using Guid(4e3708df247bab0408b78193896e9db4) Importer(815301076,1909f56bfc062723c751e8b465ee728b)  -> (artifact id: 'ebaefade2e89f093015ba2a505700de4') in 0.000737 seconds
Number of updated asset objects reloaded before import = 0
Number of asset objects unloaded after import = 0
========================================================================
Received Import Request.
  Time since last request: 8.373774 seconds.
  path: Assets/Ders
  artifactKey: Guid(33d846d9739e13441949fad9b302e711) Importer(815301076,1909f56bfc062723c751e8b465ee728b)
Start importing Assets/Ders using Guid(33d846d9739e13441949fad9b302e711) Importer(815301076,1909f56bfc062723c751e8b465ee728b)  -> (artifact id: '58af4f9e513f9e2923c435618681881c') in 0.001062 seconds
Number of updated asset objects reloaded before import = 0
Number of asset objects unloaded after import = 0
========================================================================
Received Import Request.
  Time since last request: 3.264321 seconds.
  path: Assets/Ders/Test.cs
  artifactKey: Guid(377ba804ca620db45a9ed9499e865362) Importer(815301076,1909f56bfc062723c751e8b465ee728b)
Start importing Assets/Ders/Test.cs using Guid(377ba804ca620db45a9ed9499e865362) Importer(815301076,1909f56bfc062723c751e8b465ee728b)  -> (artifact id: '3adcac9055a96347c0628ccb4133f96b') in 0.000433 seconds
Number of updated asset objects reloaded before import = 0
Number of asset objects unloaded after import = 0
========================================================================
Received Prepare
Begin MonoManager ReloadAssembly
- Loaded All Assemblies, in  0.540 seconds
Refreshing native plugins compatible for Editor in 4.74 ms, found 3 plugins.
Native extension for WindowsStandalone target not found
[Package Manager] Server::EnsureServerProcessIsRunning -- launch failed, reason: Unity was launched with the -noUpm command-line argument
[Package Manager] UpmClient::Send -- Unable to send message (not connected to UPM process).
[Package Manager] Cannot connect to Unity Package Manager local server
Mono: successfully reloaded assembly
- Finished resetting the current domain, in  1.398 seconds
Domain Reload Profiling: 1937ms
	BeginReloadAssembly (193ms)
		ExecutionOrderSort (0ms)
		DisableScriptedObjects (11ms)
		BackupInstance (0ms)
		ReleaseScriptingObjects (0ms)
		CreateAndSetChildDomain (50ms)
	RebuildCommonClasses (37ms)
	RebuildNativeTypeToScriptingClass (13ms)
	initialDomainReloadingComplete (32ms)
	LoadAllAssembliesAndSetupDomain (263ms)
		LoadAssemblies (302ms)
		RebuildTransferFunctionScriptingTraits (0ms)
		AnalyzeDomain (58ms)
			TypeCache.Refresh (11ms)
				TypeCache.ScanAssembly (2ms)
			ScanForSourceGeneratedMonoScriptInfo (25ms)
			ResolveRequiredComponents (21ms)
	FinalizeReload (1399ms)
		ReleaseScriptCaches (0ms)
		RebuildScriptCaches (0ms)
		SetupLoadedEditorAssemblies (602ms)
			LogAssemblyErrors (0ms)
			InitializePlatformSupportModulesInManaged (6ms)
			SetLoadedEditorAssemblies (3ms)
			RefreshPlugins (0ms)
			BeforeProcessingInitializeOnLoad (67ms)
			ProcessInitializeOnLoadAttributes (457ms)
			ProcessInitializeOnLoadMethodAttributes (63ms)
			AfterProcessingInitializeOnLoad (6ms)
			EditorAssembliesLoaded (0ms)
		ExecutionOrderSort2 (0ms)
		AwakeInstancesAfterBackupRestoration (18ms)
Refreshing native plugins compatible for Editor in 3.79 ms, found 3 plugins.
Preloading 0 native plugins for Editor in 0.00 ms.
Unloading 4877 Unused Serialized files (Serialized files now loaded: 0)
Unloading 41 unused Assets / (319.2 KB). Loaded Objects now: 5594.
Memory consumption went from 188.3 MB to 188.0 MB.
Total: 3.775500 ms (FindLiveObjects: 0.417000 ms CreateObjectMapping: 0.371500 ms MarkObjects: 2.874400 ms  DeleteObjects: 0.111600 ms)

Prepare: number of updated asset objects reloaded= 0
AssetImportParameters requested are different than current active one (requested -> active):
  custom:container-demuxer-ogg: 62fdf1f143b41e24485cea50d1cbac27 -> 
  custom:video-codec-MediaFoundation-h265: e54d7ab0439102e2317fc1e4b246158d -> 
  custom:video-decoder-ogg-theora: a1e56fd34408186e4bbccfd4996cb3dc -> 
  custom:framework-win-MediaFoundation: 216162199b28c13a410421893ffa2e32 -> 
  custom:CustomObjectIndexerAttribute: 4d1d7186bcbbfe361de5f0ad951e585c -> 
  custom:container-demuxer-webm: 4f35f7cbe854078d1ac9338744f61a02 -> 
  custom:container-muxer-webm: aa71ff27fc2769a1b78a27578f13a17b -> 
  custom:video-decoder-webm-vp8: 9c59270c3fd7afecdb556c50c9e8de78 -> 
  custom:SearchIndexIgnoredProperties: e643bd26f0fe6173181afceb89e7c659 -> 
  custom:AudioImporter_EditorPlatform: d09bf68614088b80899f8185d706f6e7 -> 
  custom:video-encoder-webm-vp8: eb34c28f22e8b96e1ab97ce403110664 -> 
  custom:audio-decoder-ogg-vorbis: bf7c407c2cedff20999df2af8eb42d56 -> 
  custom:audio-encoder-webm-vorbis: bf7c407c2cedff20999df2af8eb42d56 -> 
========================================================================
Received Import Request.
  Time since last request: 31.883035 seconds.
  path: Assets/Settings
  artifactKey: Guid(709f11a7f3c4041caa4ef136ea32d874) Importer(815301076,1909f56bfc062723c751e8b465ee728b)
Start importing Assets/Settings using Guid(709f11a7f3c4041caa4ef136ea32d874) Importer(815301076,1909f56bfc062723c751e8b465ee728b)  -> (artifact id: '75a3a9fdcb83627d21aeb08f63ebde39') in 0.007449 seconds
Number of updated asset objects reloaded before import = 0
Number of asset objects unloaded after import = 0
========================================================================
Received Import Request.
  Time since last request: 0.194265 seconds.
  path: Assets/Settings/SampleSceneProfile.asset
  artifactKey: Guid(a6560a915ef98420e9faacc1c7438823) Importer(815301076,1909f56bfc062723c751e8b465ee728b)
Start importing Assets/Settings/SampleSceneProfile.asset using Guid(a6560a915ef98420e9faacc1c7438823) Importer(815301076,1909f56bfc062723c751e8b465ee728b)  -> (artifact id: '1b361753c69affde0771b0f5946dc5ff') in 0.012059 seconds
Number of updated asset objects reloaded before import = 0
Number of asset objects unloaded after import = 4
========================================================================
Received Import Request.
  Time since last request: 0.002687 seconds.
  path: Assets/Settings/URP-Balanced-Renderer.asset
  artifactKey: Guid(e634585d5c4544dd297acaee93dc2beb) Importer(815301076,1909f56bfc062723c751e8b465ee728b)
Start importing Assets/Settings/URP-Balanced-Renderer.asset using Guid(e634585d5c4544dd297acaee93dc2beb) Importer(815301076,1909f56bfc062723c751e8b465ee728b)  -> (artifact id: '9f080df6e017b48a4297117e4aa92423') in 0.002065 seconds
Number of updated asset objects reloaded before import = 0
Number of asset objects unloaded after import = 2
========================================================================
Received Import Request.
  Time since last request: 0.000014 seconds.
  path: Assets/Settings/URP-HighFidelity.asset
  artifactKey: Guid(7b7fd9122c28c4d15b667c7040e3b3fd) Importer(815301076,1909f56bfc062723c751e8b465ee728b)
Start importing Assets/Settings/URP-HighFidelity.asset using Guid(7b7fd9122c28c4d15b667c7040e3b3fd) Importer(815301076,1909f56bfc062723c751e8b465ee728b)  -> (artifact id: '61d519602f1eb64de9e3c7bf13707cc2') in 0.001028 seconds
Number of updated asset objects reloaded before import = 0
Number of asset objects unloaded after import = 0
========================================================================
Received Import Request.
  Time since last request: 0.000196 seconds.
  path: Assets/Settings/URP-Performant-Renderer.asset
  artifactKey: Guid(707360a9c581a4bd7aa53bfeb1429f71) Importer(815301076,1909f56bfc062723c751e8b465ee728b)
Start importing Assets/Settings/URP-Performant-Renderer.asset using Guid(707360a9c581a4bd7aa53bfeb1429f71) Importer(815301076,1909f56bfc062723c751e8b465ee728b)  -> (artifact id: '467322293b0e743ad2ebc07a450da42f') in 0.001561 seconds
Number of updated asset objects reloaded before import = 0
Number of asset objects unloaded after import = 1
========================================================================
Received Import Request.
  Time since last request: 0.000041 seconds.
  path: Assets/Settings/URP-Performant.asset
  artifactKey: Guid(d0e2fc18fe036412f8223b3b3d9ad574) Importer(815301076,1909f56bfc062723c751e8b465ee728b)
Start importing Assets/Settings/URP-Performant.asset using Guid(d0e2fc18fe036412f8223b3b3d9ad574) Importer(815301076,1909f56bfc062723c751e8b465ee728b)  -> (artifact id: 'cba35c99064b21e89f29edf014b4a4f4') in 0.001979 seconds
Number of updated asset objects reloaded before import = 0
Number of asset objects unloaded after import = 2
========================================================================
Received Import Request.
  Time since last request: 4.876426 seconds.
  path: Assets/TextMesh Pro
  artifactKey: Guid(f54d1bd14bd3ca042bd867b519fee8cc) Importer(815301076,1909f56bfc062723c751e8b465ee728b)
Start importing Assets/TextMesh Pro using Guid(f54d1bd14bd3ca042bd867b519fee8cc) Importer(815301076,1909f56bfc062723c751e8b465ee728b)  -> (artifact id: '30796653c4dfc1f2480bca9d8b60487c') in 0.000536 seconds
Number of updated asset objects reloaded before import = 0
Number of asset objects unloaded after import = 0
========================================================================
Received Import Request.
  Time since last request: 8.738458 seconds.
  path: Assets/TutorialInfo
  artifactKey: Guid(ba062aa6c92b140379dbc06b43dd3b9b) Importer(815301076,1909f56bfc062723c751e8b465ee728b)
Start importing Assets/TutorialInfo using Guid(ba062aa6c92b140379dbc06b43dd3b9b) Importer(815301076,1909f56bfc062723c751e8b465ee728b)  -> (artifact id: 'c6fad8187a9660f5dc61c251b99f2f4e') in 0.000620 seconds
Number of updated asset objects reloaded before import = 0
Number of asset objects unloaded after import = 0
========================================================================
Received Import Request.
  Time since last request: 1.468748 seconds.
  path: Assets/TutorialInfo/Icons
  artifactKey: Guid(8a0c9218a650547d98138cd835033977) Importer(815301076,1909f56bfc062723c751e8b465ee728b)
Start importing Assets/TutorialInfo/Icons using Guid(8a0c9218a650547d98138cd835033977) Importer(815301076,1909f56bfc062723c751e8b465ee728b)  -> (artifact id: 'a56542137de61465160c60e9308a7c1e') in 0.000580 seconds
Number of updated asset objects reloaded before import = 0
Number of asset objects unloaded after import = 0
========================================================================
Received Import Request.
  Time since last request: 0.463906 seconds.
  path: Assets/TutorialInfo/Scripts
  artifactKey: Guid(5a9bcd70e6a4b4b05badaa72e827d8e0) Importer(815301076,1909f56bfc062723c751e8b465ee728b)
Start importing Assets/TutorialInfo/Scripts using Guid(5a9bcd70e6a4b4b05badaa72e827d8e0) Importer(815301076,1909f56bfc062723c751e8b465ee728b)  -> (artifact id: '50e9bf317bd5516d6a49c8a0048eee58') in 0.000726 seconds
Number of updated asset objects reloaded before import = 0
Number of asset objects unloaded after import = 0
========================================================================
Received Import Request.
  Time since last request: 66.893321 seconds.
  path: Assets/Scripts/Till.cs
  artifactKey: Guid(7b9a508689d6e9747a0d89e2ce0fba2f) Importer(815301076,1909f56bfc062723c751e8b465ee728b)
Start importing Assets/Scripts/Till.cs using Guid(7b9a508689d6e9747a0d89e2ce0fba2f) Importer(815301076,1909f56bfc062723c751e8b465ee728b)  -> (artifact id: 'c8f863379646683c10340fddbf4b81e3') in 0.000932 seconds
Number of updated asset objects reloaded before import = 0
Number of asset objects unloaded after import = 0
========================================================================
Received Import Request.
  Time since last request: 32.046758 seconds.
  path: Assets/Scripts/CharacterPickController.cs
  artifactKey: Guid(dc7a9debcf296ed46b5f9840f750592a) Importer(815301076,1909f56bfc062723c751e8b465ee728b)
Start importing Assets/Scripts/CharacterPickController.cs using Guid(dc7a9debcf296ed46b5f9840f750592a) Importer(815301076,1909f56bfc062723c751e8b465ee728b)  -> (artifact id: 'ba50e703f9653be6b96a87ec355ad992') in 0.000524 seconds
Number of updated asset objects reloaded before import = 0
Number of asset objects unloaded after import = 0
========================================================================
Received Import Request.
  Time since last request: 3.600855 seconds.
  path: Assets/Scripts/MonoTimer.cs
  artifactKey: Guid(d58cbf1d2e5e7df4aa810d29959ea15b) Importer(815301076,1909f56bfc062723c751e8b465ee728b)
Start importing Assets/Scripts/MonoTimer.cs using Guid(d58cbf1d2e5e7df4aa810d29959ea15b) Importer(815301076,1909f56bfc062723c751e8b465ee728b)  -> (artifact id: 'b1e5c27e81e74bfda9f623ad90b6d054') in 0.000534 seconds
Number of updated asset objects reloaded before import = 0
Number of asset objects unloaded after import = 0
========================================================================
Received Import Request.
  Time since last request: 1.425212 seconds.
  path: Assets/Scripts/PickAndDrop.cs
  artifactKey: Guid(43ee356a91495a54db9ffce5b839a87c) Importer(815301076,1909f56bfc062723c751e8b465ee728b)
Start importing Assets/Scripts/PickAndDrop.cs using Guid(43ee356a91495a54db9ffce5b839a87c) Importer(815301076,1909f56bfc062723c751e8b465ee728b)  -> (artifact id: '7be4a273391b94e5088a4b60326c5580') in 0.000475 seconds
Number of updated asset objects reloaded before import = 0
Number of asset objects unloaded after import = 0
========================================================================
Received Import Request.
  Time since last request: 0.329603 seconds.
  path: Assets/Scripts/Slice.cs
  artifactKey: Guid(fd2d691708d0e1747b43d9f6c8ce5a44) Importer(815301076,1909f56bfc062723c751e8b465ee728b)
Start importing Assets/Scripts/Slice.cs using Guid(fd2d691708d0e1747b43d9f6c8ce5a44) Importer(815301076,1909f56bfc062723c751e8b465ee728b)  -> (artifact id: '281fb56269926d0381e35f1aaee9c5f4') in 0.000527 seconds
Number of updated asset objects reloaded before import = 0
Number of asset objects unloaded after import = 0
========================================================================
Received Import Request.
  Time since last request: 5.441356 seconds.
  path: Assets/Scripts/ScriptableObjects/Events
  artifactKey: Guid(00bc553e2ce219641a7b3be3dda2191d) Importer(815301076,1909f56bfc062723c751e8b465ee728b)
Start importing Assets/Scripts/ScriptableObjects/Events using Guid(00bc553e2ce219641a7b3be3dda2191d) Importer(815301076,1909f56bfc062723c751e8b465ee728b)  -> (artifact id: '3f537ff461a1c992b66e494a25b10742') in 0.000824 seconds
Number of updated asset objects reloaded before import = 0
Number of asset objects unloaded after import = 0
========================================================================
Received Prepare
Begin MonoManager ReloadAssembly
- Loaded All Assemblies, in  0.485 seconds
Refreshing native plugins compatible for Editor in 3.42 ms, found 3 plugins.
Native extension for WindowsStandalone target not found
[Package Manager] Server::EnsureServerProcessIsRunning -- launch failed, reason: Unity was launched with the -noUpm command-line argument
[Package Manager] UpmClient::Send -- Unable to send message (not connected to UPM process).
[Package Manager] Cannot connect to Unity Package Manager local server
Mono: successfully reloaded assembly
- Finished resetting the current domain, in  1.606 seconds
Domain Reload Profiling: 2089ms
	BeginReloadAssembly (176ms)
		ExecutionOrderSort (0ms)
		DisableScriptedObjects (6ms)
		BackupInstance (0ms)
		ReleaseScriptingObjects (0ms)
		CreateAndSetChildDomain (47ms)
	RebuildCommonClasses (43ms)
	RebuildNativeTypeToScriptingClass (14ms)
	initialDomainReloadingComplete (34ms)
	LoadAllAssembliesAndSetupDomain (215ms)
		LoadAssemblies (288ms)
		RebuildTransferFunctionScriptingTraits (0ms)
		AnalyzeDomain (20ms)
			TypeCache.Refresh (6ms)
				TypeCache.ScanAssembly (0ms)
			ScanForSourceGeneratedMonoScriptInfo (0ms)
			ResolveRequiredComponents (12ms)
	FinalizeReload (1607ms)
		ReleaseScriptCaches (0ms)
		RebuildScriptCaches (0ms)
		SetupLoadedEditorAssemblies (846ms)
			LogAssemblyErrors (0ms)
			InitializePlatformSupportModulesInManaged (6ms)
			SetLoadedEditorAssemblies (3ms)
			RefreshPlugins (0ms)
			BeforeProcessingInitializeOnLoad (71ms)
			ProcessInitializeOnLoadAttributes (674ms)
			ProcessInitializeOnLoadMethodAttributes (82ms)
			AfterProcessingInitializeOnLoad (10ms)
			EditorAssembliesLoaded (0ms)
		ExecutionOrderSort2 (0ms)
		AwakeInstancesAfterBackupRestoration (28ms)
Refreshing native plugins compatible for Editor in 5.91 ms, found 3 plugins.
Preloading 0 native plugins for Editor in 0.00 ms.
Unloading 4877 Unused Serialized files (Serialized files now loaded: 0)
Unloading 40 unused Assets / (318.8 KB). Loaded Objects now: 5598.
Memory consumption went from 190.1 MB to 189.8 MB.
Total: 5.501100 ms (FindLiveObjects: 0.538700 ms CreateObjectMapping: 0.873000 ms MarkObjects: 3.687000 ms  DeleteObjects: 0.399500 ms)

Prepare: number of updated asset objects reloaded= 0
AssetImportParameters requested are different than current active one (requested -> active):
  custom:container-demuxer-ogg: 62fdf1f143b41e24485cea50d1cbac27 -> 
  custom:video-codec-MediaFoundation-h265: e54d7ab0439102e2317fc1e4b246158d -> 
  custom:video-decoder-ogg-theora: a1e56fd34408186e4bbccfd4996cb3dc -> 
  custom:framework-win-MediaFoundation: 216162199b28c13a410421893ffa2e32 -> 
  custom:CustomObjectIndexerAttribute: 4d1d7186bcbbfe361de5f0ad951e585c -> 
  custom:container-demuxer-webm: 4f35f7cbe854078d1ac9338744f61a02 -> 
  custom:container-muxer-webm: aa71ff27fc2769a1b78a27578f13a17b -> 
  custom:video-decoder-webm-vp8: 9c59270c3fd7afecdb556c50c9e8de78 -> 
  custom:SearchIndexIgnoredProperties: e643bd26f0fe6173181afceb89e7c659 -> 
  custom:AudioImporter_EditorPlatform: d09bf68614088b80899f8185d706f6e7 -> 
  custom:video-encoder-webm-vp8: eb34c28f22e8b96e1ab97ce403110664 -> 
  custom:audio-decoder-ogg-vorbis: bf7c407c2cedff20999df2af8eb42d56 -> 
  custom:audio-encoder-webm-vorbis: bf7c407c2cedff20999df2af8eb42d56 -> 
========================================================================
Received Prepare
Begin MonoManager ReloadAssembly
- Loaded All Assemblies, in  0.435 seconds
Refreshing native plugins compatible for Editor in 3.40 ms, found 3 plugins.
Native extension for WindowsStandalone target not found
[Package Manager] Server::EnsureServerProcessIsRunning -- launch failed, reason: Unity was launched with the -noUpm command-line argument
[Package Manager] UpmClient::Send -- Unable to send message (not connected to UPM process).
[Package Manager] Cannot connect to Unity Package Manager local server
Mono: successfully reloaded assembly
- Finished resetting the current domain, in  1.555 seconds
Domain Reload Profiling: 1989ms
	BeginReloadAssembly (162ms)
		ExecutionOrderSort (0ms)
		DisableScriptedObjects (4ms)
		BackupInstance (0ms)
		ReleaseScriptingObjects (0ms)
		CreateAndSetChildDomain (45ms)
	RebuildCommonClasses (39ms)
	RebuildNativeTypeToScriptingClass (12ms)
	initialDomainReloadingComplete (29ms)
	LoadAllAssembliesAndSetupDomain (191ms)
		LoadAssemblies (253ms)
		RebuildTransferFunctionScriptingTraits (0ms)
		AnalyzeDomain (20ms)
			TypeCache.Refresh (6ms)
				TypeCache.ScanAssembly (0ms)
			ScanForSourceGeneratedMonoScriptInfo (0ms)
			ResolveRequiredComponents (13ms)
	FinalizeReload (1556ms)
		ReleaseScriptCaches (0ms)
		RebuildScriptCaches (0ms)
		SetupLoadedEditorAssemblies (836ms)
			LogAssemblyErrors (0ms)
			InitializePlatformSupportModulesInManaged (6ms)
			SetLoadedEditorAssemblies (4ms)
			RefreshPlugins (0ms)
			BeforeProcessingInitializeOnLoad (81ms)
			ProcessInitializeOnLoadAttributes (658ms)
			ProcessInitializeOnLoadMethodAttributes (78ms)
			AfterProcessingInitializeOnLoad (8ms)
			EditorAssembliesLoaded (0ms)
		ExecutionOrderSort2 (0ms)
		AwakeInstancesAfterBackupRestoration (28ms)
Refreshing native plugins compatible for Editor in 6.25 ms, found 3 plugins.
Preloading 0 native plugins for Editor in 0.00 ms.
Unloading 4877 Unused Serialized files (Serialized files now loaded: 0)
Unloading 40 unused Assets / (318.9 KB). Loaded Objects now: 5602.
Memory consumption went from 192.1 MB to 191.7 MB.
Total: 5.504800 ms (FindLiveObjects: 0.541400 ms CreateObjectMapping: 0.684100 ms MarkObjects: 4.146600 ms  DeleteObjects: 0.131300 ms)

Prepare: number of updated asset objects reloaded= 0
AssetImportParameters requested are different than current active one (requested -> active):
  custom:container-demuxer-ogg: 62fdf1f143b41e24485cea50d1cbac27 -> 
  custom:video-codec-MediaFoundation-h265: e54d7ab0439102e2317fc1e4b246158d -> 
  custom:video-decoder-ogg-theora: a1e56fd34408186e4bbccfd4996cb3dc -> 
  custom:framework-win-MediaFoundation: 216162199b28c13a410421893ffa2e32 -> 
  custom:CustomObjectIndexerAttribute: 4d1d7186bcbbfe361de5f0ad951e585c -> 
  custom:container-demuxer-webm: 4f35f7cbe854078d1ac9338744f61a02 -> 
  custom:container-muxer-webm: aa71ff27fc2769a1b78a27578f13a17b -> 
  custom:video-decoder-webm-vp8: 9c59270c3fd7afecdb556c50c9e8de78 -> 
  custom:SearchIndexIgnoredProperties: e643bd26f0fe6173181afceb89e7c659 -> 
  custom:AudioImporter_EditorPlatform: d09bf68614088b80899f8185d706f6e7 -> 
  custom:video-encoder-webm-vp8: eb34c28f22e8b96e1ab97ce403110664 -> 
  custom:audio-decoder-ogg-vorbis: bf7c407c2cedff20999df2af8eb42d56 -> 
  custom:audio-encoder-webm-vorbis: bf7c407c2cedff20999df2af8eb42d56 -> 
========================================================================
Received Prepare
Begin MonoManager ReloadAssembly
- Loaded All Assemblies, in  0.499 seconds
Refreshing native plugins compatible for Editor in 5.54 ms, found 3 plugins.
Native extension for WindowsStandalone target not found
[Package Manager] Server::EnsureServerProcessIsRunning -- launch failed, reason: Unity was launched with the -noUpm command-line argument
[Package Manager] UpmClient::Send -- Unable to send message (not connected to UPM process).
[Package Manager] Cannot connect to Unity Package Manager local server
Mono: successfully reloaded assembly
- Finished resetting the current domain, in  1.772 seconds
Domain Reload Profiling: 2270ms
	BeginReloadAssembly (179ms)
		ExecutionOrderSort (0ms)
		DisableScriptedObjects (7ms)
		BackupInstance (0ms)
		ReleaseScriptingObjects (0ms)
		CreateAndSetChildDomain (43ms)
	RebuildCommonClasses (42ms)
	RebuildNativeTypeToScriptingClass (12ms)
	initialDomainReloadingComplete (28ms)
	LoadAllAssembliesAndSetupDomain (236ms)
		LoadAssemblies (282ms)
		RebuildTransferFunctionScriptingTraits (0ms)
		AnalyzeDomain (47ms)
			TypeCache.Refresh (11ms)
				TypeCache.ScanAssembly (2ms)
			ScanForSourceGeneratedMonoScriptInfo (22ms)
			ResolveRequiredComponents (14ms)
	FinalizeReload (1772ms)
		ReleaseScriptCaches (0ms)
		RebuildScriptCaches (0ms)
		SetupLoadedEditorAssemblies (804ms)
			LogAssemblyErrors (0ms)
			InitializePlatformSupportModulesInManaged (8ms)
			SetLoadedEditorAssemblies (5ms)
			RefreshPlugins (0ms)
			BeforeProcessingInitializeOnLoad (106ms)
			ProcessInitializeOnLoadAttributes (607ms)
			ProcessInitializeOnLoadMethodAttributes (70ms)
			AfterProcessingInitializeOnLoad (7ms)
			EditorAssembliesLoaded (0ms)
		ExecutionOrderSort2 (0ms)
		AwakeInstancesAfterBackupRestoration (19ms)
Refreshing native plugins compatible for Editor in 3.62 ms, found 3 plugins.
Preloading 0 native plugins for Editor in 0.00 ms.
Unloading 4877 Unused Serialized files (Serialized files now loaded: 0)
Unloading 40 unused Assets / (318.7 KB). Loaded Objects now: 5606.
Memory consumption went from 194.0 MB to 193.7 MB.
Total: 5.680000 ms (FindLiveObjects: 0.441400 ms CreateObjectMapping: 1.057200 ms MarkObjects: 4.071500 ms  DeleteObjects: 0.108800 ms)

Prepare: number of updated asset objects reloaded= 0
AssetImportParameters requested are different than current active one (requested -> active):
  custom:container-demuxer-ogg: 62fdf1f143b41e24485cea50d1cbac27 -> 
  custom:video-codec-MediaFoundation-h265: e54d7ab0439102e2317fc1e4b246158d -> 
  custom:video-decoder-ogg-theora: a1e56fd34408186e4bbccfd4996cb3dc -> 
  custom:framework-win-MediaFoundation: 216162199b28c13a410421893ffa2e32 -> 
  custom:CustomObjectIndexerAttribute: 4d1d7186bcbbfe361de5f0ad951e585c -> 
  custom:container-demuxer-webm: 4f35f7cbe854078d1ac9338744f61a02 -> 
  custom:container-muxer-webm: aa71ff27fc2769a1b78a27578f13a17b -> 
  custom:video-decoder-webm-vp8: 9c59270c3fd7afecdb556c50c9e8de78 -> 
  custom:SearchIndexIgnoredProperties: e643bd26f0fe6173181afceb89e7c659 -> 
  custom:AudioImporter_EditorPlatform: d09bf68614088b80899f8185d706f6e7 -> 
  custom:video-encoder-webm-vp8: eb34c28f22e8b96e1ab97ce403110664 -> 
  custom:audio-decoder-ogg-vorbis: bf7c407c2cedff20999df2af8eb42d56 -> 
  custom:audio-encoder-webm-vorbis: bf7c407c2cedff20999df2af8eb42d56 -> 
========================================================================
Received Prepare
Begin MonoManager ReloadAssembly
- Loaded All Assemblies, in  0.505 seconds
Refreshing native plugins compatible for Editor in 3.53 ms, found 3 plugins.
Native extension for WindowsStandalone target not found
[Package Manager] Server::EnsureServerProcessIsRunning -- launch failed, reason: Unity was launched with the -noUpm command-line argument
[Package Manager] UpmClient::Send -- Unable to send message (not connected to UPM process).
[Package Manager] Cannot connect to Unity Package Manager local server
Mono: successfully reloaded assembly
- Finished resetting the current domain, in  1.883 seconds
Domain Reload Profiling: 2385ms
	BeginReloadAssembly (178ms)
		ExecutionOrderSort (0ms)
		DisableScriptedObjects (7ms)
		BackupInstance (0ms)
		ReleaseScriptingObjects (0ms)
		CreateAndSetChildDomain (43ms)
	RebuildCommonClasses (48ms)
	RebuildNativeTypeToScriptingClass (14ms)
	initialDomainReloadingComplete (39ms)
	LoadAllAssembliesAndSetupDomain (222ms)
		LoadAssemblies (297ms)
		RebuildTransferFunctionScriptingTraits (0ms)
		AnalyzeDomain (21ms)
			TypeCache.Refresh (6ms)
				TypeCache.ScanAssembly (0ms)
			ScanForSourceGeneratedMonoScriptInfo (0ms)
			ResolveRequiredComponents (14ms)
	FinalizeReload (1884ms)
		ReleaseScriptCaches (0ms)
		RebuildScriptCaches (0ms)
		SetupLoadedEditorAssemblies (993ms)
			LogAssemblyErrors (0ms)
			InitializePlatformSupportModulesInManaged (9ms)
			SetLoadedEditorAssemblies (6ms)
			RefreshPlugins (0ms)
			BeforeProcessingInitializeOnLoad (108ms)
			ProcessInitializeOnLoadAttributes (766ms)
			ProcessInitializeOnLoadMethodAttributes (92ms)
			AfterProcessingInitializeOnLoad (10ms)
			EditorAssembliesLoaded (0ms)
		ExecutionOrderSort2 (0ms)
		AwakeInstancesAfterBackupRestoration (30ms)
Refreshing native plugins compatible for Editor in 5.48 ms, found 3 plugins.
Preloading 0 native plugins for Editor in 0.00 ms.
Unloading 4877 Unused Serialized files (Serialized files now loaded: 0)
Unloading 40 unused Assets / (318.8 KB). Loaded Objects now: 5610.
Memory consumption went from 195.9 MB to 195.6 MB.
Total: 6.317200 ms (FindLiveObjects: 0.508100 ms CreateObjectMapping: 0.515100 ms MarkObjects: 5.116800 ms  DeleteObjects: 0.175900 ms)

Prepare: number of updated asset objects reloaded= 0
AssetImportParameters requested are different than current active one (requested -> active):
  custom:container-demuxer-ogg: 62fdf1f143b41e24485cea50d1cbac27 -> 
  custom:video-codec-MediaFoundation-h265: e54d7ab0439102e2317fc1e4b246158d -> 
  custom:video-decoder-ogg-theora: a1e56fd34408186e4bbccfd4996cb3dc -> 
  custom:framework-win-MediaFoundation: 216162199b28c13a410421893ffa2e32 -> 
  custom:CustomObjectIndexerAttribute: 4d1d7186bcbbfe361de5f0ad951e585c -> 
  custom:container-demuxer-webm: 4f35f7cbe854078d1ac9338744f61a02 -> 
  custom:container-muxer-webm: aa71ff27fc2769a1b78a27578f13a17b -> 
  custom:video-decoder-webm-vp8: 9c59270c3fd7afecdb556c50c9e8de78 -> 
  custom:SearchIndexIgnoredProperties: e643bd26f0fe6173181afceb89e7c659 -> 
  custom:AudioImporter_EditorPlatform: d09bf68614088b80899f8185d706f6e7 -> 
  custom:video-encoder-webm-vp8: eb34c28f22e8b96e1ab97ce403110664 -> 
  custom:audio-decoder-ogg-vorbis: bf7c407c2cedff20999df2af8eb42d56 -> 
  custom:audio-encoder-webm-vorbis: bf7c407c2cedff20999df2af8eb42d56 -> 
========================================================================
Received Prepare
Begin MonoManager ReloadAssembly
- Loaded All Assemblies, in  0.746 seconds
Refreshing native plugins compatible for Editor in 5.68 ms, found 3 plugins.
Native extension for WindowsStandalone target not found
[Package Manager] Server::EnsureServerProcessIsRunning -- launch failed, reason: Unity was launched with the -noUpm command-line argument
[Package Manager] UpmClient::Send -- Unable to send message (not connected to UPM process).
[Package Manager] Cannot connect to Unity Package Manager local server
Mono: successfully reloaded assembly
- Finished resetting the current domain, in  1.641 seconds
Domain Reload Profiling: 2385ms
	BeginReloadAssembly (254ms)
		ExecutionOrderSort (0ms)
		DisableScriptedObjects (8ms)
		BackupInstance (0ms)
		ReleaseScriptingObjects (0ms)
		CreateAndSetChildDomain (61ms)
	RebuildCommonClasses (61ms)
	RebuildNativeTypeToScriptingClass (15ms)
	initialDomainReloadingComplete (53ms)
	LoadAllAssembliesAndSetupDomain (359ms)
		LoadAssemblies (431ms)
		RebuildTransferFunctionScriptingTraits (0ms)
		AnalyzeDomain (72ms)
			TypeCache.Refresh (14ms)
				TypeCache.ScanAssembly (2ms)
			ScanForSourceGeneratedMonoScriptInfo (38ms)
			ResolveRequiredComponents (19ms)
	FinalizeReload (1642ms)
		ReleaseScriptCaches (0ms)
		RebuildScriptCaches (0ms)
		SetupLoadedEditorAssemblies (688ms)
			LogAssemblyErrors (0ms)
			InitializePlatformSupportModulesInManaged (8ms)
			SetLoadedEditorAssemblies (7ms)
			RefreshPlugins (0ms)
			BeforeProcessingInitializeOnLoad (87ms)
			ProcessInitializeOnLoadAttributes (510ms)
			ProcessInitializeOnLoadMethodAttributes (67ms)
			AfterProcessingInitializeOnLoad (9ms)
			EditorAssembliesLoaded (0ms)
		ExecutionOrderSort2 (0ms)
		AwakeInstancesAfterBackupRestoration (22ms)
Refreshing native plugins compatible for Editor in 3.54 ms, found 3 plugins.
Preloading 0 native plugins for Editor in 0.00 ms.
Unloading 4877 Unused Serialized files (Serialized files now loaded: 0)
Unloading 40 unused Assets / (318.3 KB). Loaded Objects now: 5614.
Memory consumption went from 197.9 MB to 197.6 MB.
Total: 3.972800 ms (FindLiveObjects: 0.366400 ms CreateObjectMapping: 0.352500 ms MarkObjects: 3.154900 ms  DeleteObjects: 0.097900 ms)

Prepare: number of updated asset objects reloaded= 0
AssetImportParameters requested are different than current active one (requested -> active):
  custom:container-demuxer-ogg: 62fdf1f143b41e24485cea50d1cbac27 -> 
  custom:video-codec-MediaFoundation-h265: e54d7ab0439102e2317fc1e4b246158d -> 
  custom:video-decoder-ogg-theora: a1e56fd34408186e4bbccfd4996cb3dc -> 
  custom:framework-win-MediaFoundation: 216162199b28c13a410421893ffa2e32 -> 
  custom:CustomObjectIndexerAttribute: 4d1d7186bcbbfe361de5f0ad951e585c -> 
  custom:container-demuxer-webm: 4f35f7cbe854078d1ac9338744f61a02 -> 
  custom:container-muxer-webm: aa71ff27fc2769a1b78a27578f13a17b -> 
  custom:video-decoder-webm-vp8: 9c59270c3fd7afecdb556c50c9e8de78 -> 
  custom:SearchIndexIgnoredProperties: e643bd26f0fe6173181afceb89e7c659 -> 
  custom:AudioImporter_EditorPlatform: d09bf68614088b80899f8185d706f6e7 -> 
  custom:video-encoder-webm-vp8: eb34c28f22e8b96e1ab97ce403110664 -> 
  custom:audio-decoder-ogg-vorbis: bf7c407c2cedff20999df2af8eb42d56 -> 
  custom:audio-encoder-webm-vorbis: bf7c407c2cedff20999df2af8eb42d56 -> 
========================================================================
Received Import Request.
  Time since last request: 474.496261 seconds.
  path: Assets/Asset/Yemekler/DogranmışDomates
  artifactKey: Guid(3466b11501e956b41af0bb562de0ea5f) Importer(815301076,1909f56bfc062723c751e8b465ee728b)
Start importing Assets/Asset/Yemekler/DogranmışDomates using Guid(3466b11501e956b41af0bb562de0ea5f) Importer(815301076,1909f56bfc062723c751e8b465ee728b)  -> (artifact id: '3a0623a1461a9bf46a3d5b789aaf6ede') in 0.007319 seconds
Number of updated asset objects reloaded before import = 0
Number of asset objects unloaded after import = 0
========================================================================
Received Import Request.
  Time since last request: 1.121212 seconds.
  path: Assets/Asset/Yemekler/DogranmışDomates/DogranmisDomates.fbx
  artifactKey: Guid(9ea4018c605459a4d984085fc0d3a79a) Importer(815301076,1909f56bfc062723c751e8b465ee728b)
Start importing Assets/Asset/Yemekler/DogranmışDomates/DogranmisDomates.fbx using Guid(9ea4018c605459a4d984085fc0d3a79a) Importer(815301076,1909f56bfc062723c751e8b465ee728b)  -> (artifact id: 'af9326288d695c7df38d9eb4045727da') in 0.317995 seconds
Number of updated asset objects reloaded before import = 0
Number of asset objects unloaded after import = 29
========================================================================
Received Import Request.
  Time since last request: 104.400789 seconds.
  path: Assets/Asset/Yemekler/DogranmışDomates/DogranmisDomates.fbx
  artifactKey: Guid(9ea4018c605459a4d984085fc0d3a79a) Importer(815301076,1909f56bfc062723c751e8b465ee728b)
Start importing Assets/Asset/Yemekler/DogranmışDomates/DogranmisDomates.fbx using Guid(9ea4018c605459a4d984085fc0d3a79a) Importer(815301076,1909f56bfc062723c751e8b465ee728b)  -> (artifact id: 'b358d7ef81586ff17440bde24c9ef446') in 0.023224 seconds
Number of updated asset objects reloaded before import = 0
Number of asset objects unloaded after import = 10
========================================================================
Received Import Request.
  Time since last request: 56.745078 seconds.
  path: Assets/Asset/Cevre/squirrel#0004_fbx
  artifactKey: Guid(6d6441eb7b375794d987d5f36e7ff60a) Importer(815301076,1909f56bfc062723c751e8b465ee728b)
Start importing Assets/Asset/Cevre/squirrel#0004_fbx using Guid(6d6441eb7b375794d987d5f36e7ff60a) Importer(815301076,1909f56bfc062723c751e8b465ee728b)  -> (artifact id: '5a9f104483e4852af25af6266c7f7b1b') in 0.000732 seconds
Number of updated asset objects reloaded before import = 0
Number of asset objects unloaded after import = 0
========================================================================
Received Import Request.
  Time since last request: 2.656458 seconds.
  path: Assets/Asset/Cevre/squirrel#0004_fbx/material
  artifactKey: Guid(7153f1aff2522fb48964ea247938cd47) Importer(815301076,1909f56bfc062723c751e8b465ee728b)
Start importing Assets/Asset/Cevre/squirrel#0004_fbx/material using Guid(7153f1aff2522fb48964ea247938cd47) Importer(815301076,1909f56bfc062723c751e8b465ee728b)  -> (artifact id: 'c1c1202d3cf0f667cfa9d07187103506') in 0.000473 seconds
Number of updated asset objects reloaded before import = 0
Number of asset objects unloaded after import = 0
========================================================================
Received Import Request.
  Time since last request: 2.363369 seconds.
  path: Assets/Asset/Cevre/squirrel#0004_fbx/mesh
  artifactKey: Guid(95ca219945d6b464ba014e90a1c44007) Importer(815301076,1909f56bfc062723c751e8b465ee728b)
Start importing Assets/Asset/Cevre/squirrel#0004_fbx/mesh using Guid(95ca219945d6b464ba014e90a1c44007) Importer(815301076,1909f56bfc062723c751e8b465ee728b)  -> (artifact id: 'b21768b28f3ba1e18b7f8a1ebcc1d612') in 0.000717 seconds
Number of updated asset objects reloaded before import = 0
Number of asset objects unloaded after import = 0
========================================================================
Received Import Request.
  Time since last request: 4.087799 seconds.
  path: Assets/Asset/Cevre/squirrel#0004_fbx/texture
  artifactKey: Guid(2982ba5c6f47c7545a6f29c41fc1773f) Importer(815301076,1909f56bfc062723c751e8b465ee728b)
Start importing Assets/Asset/Cevre/squirrel#0004_fbx/texture using Guid(2982ba5c6f47c7545a6f29c41fc1773f) Importer(815301076,1909f56bfc062723c751e8b465ee728b)  -> (artifact id: 'd2b238731988c10a831cdcd7d79a44ef') in 0.000551 seconds
Number of updated asset objects reloaded before import = 0
Number of asset objects unloaded after import = 0
========================================================================
Received Import Request.
  Time since last request: 0.188722 seconds.
  path: Assets/Asset/Cevre/squirrel#0004_fbx/texture/Tex_Squirrel.png
  artifactKey: Guid(0d9bb600e922b404b95644b5cdd753b4) Importer(815301076,1909f56bfc062723c751e8b465ee728b)
Start importing Assets/Asset/Cevre/squirrel#0004_fbx/texture/Tex_Squirrel.png using Guid(0d9bb600e922b404b95644b5cdd753b4) Importer(815301076,1909f56bfc062723c751e8b465ee728b)  -> (artifact id: '3a884d98f5f49ca61168ca555ea7a764') in 0.022033 seconds
Number of updated asset objects reloaded before import = 0
Number of asset objects unloaded after import = 2
========================================================================
Received Import Request.
  Time since last request: 2.458800 seconds.
  path: Assets/Asset/Cevre/squirrel#0004_fbx/mesh/squirrel#0004.fbx
  artifactKey: Guid(4ee72c76d8902634c87fe7598e79854f) Importer(815301076,1909f56bfc062723c751e8b465ee728b)
Start importing Assets/Asset/Cevre/squirrel#0004_fbx/mesh/squirrel#0004.fbx using Guid(4ee72c76d8902634c87fe7598e79854f) Importer(815301076,1909f56bfc062723c751e8b465ee728b)  -> (artifact id: '307660ac04301aacc306e553b97809c8') in 0.027634 seconds
Number of updated asset objects reloaded before import = 0
Number of asset objects unloaded after import = 10
